Index loaded: 39270706628 bytes.
0;1000;920966
1;1000;853930018
2;1000;2259595
3;1000;10885477
4;1000;823428708
5;57;4646336856
6;1000;15072467
7;1000;53447464
8;1000;82587158
9;1000;1217309
10;1000;25023033
11;1000;5693258
12;1000;444308422
13;57;1237867057
14;1000;2008927
15;1000;10130398
16;1000;42242987
17;1000;588872
18;1000;28048128
19;1000;64687299
20;0;3309333
21;1000;873372
22;1000;1457072326
23;1000;1706896
24;1000;1508824
25;1000;579259
26;1000;2492681
27;1000;131628
28;1000;1116155
29;1000;896767643
30;1000;7724491
31;1000;45711537
32;1000;588768
33;1000;933011
34;1000;641209
35;1000;4146295
36;183;18400276480
37;1000;21168800
38;1000;284871
39;1000;965639
40;1000;3714874
41;1000;1497408
42;1000;2359732
43;1000;64566119
44;8;76263081
45;1000;5015160
46;229;76024520
47;0;891815
48;71;106903756
49;1000;1123437
50;1000;1870254
51;1000;5037469
52;1000;1821280
53;1000;2307115
54;1000;724950
55;1000;3334487
56;1000;33352330
57;0;75933209
58;83;66458674
59;79;70144694
60;1000;2454094
61;1000;2492055
62;95;3482412
63;1000;1551516
64;1000;8950011
65;1000;2194883
66;0;9815820
67;0;2071732
68;28;3688760
69;20;4578459
70;1000;1992238
71;1000;2734266
72;1000;36419288
73;1000;42492427
74;1000;6715441
75;1000;1258072
76;1000;1272368
77;1000;651715
78;1000;2333299
79;1000;601700
80;1000;2338200
81;1000;2351756
82;1000;3236868
83;25;4004085
84;200;60380304721
85;398;46990499102
86;692;52746649474
87;1000;944732
88;1000;14128496
89;1000;1078738
90;1000;6465523
91;23;1578920
92;1000;17544233
93;1000;19673692
94;1000;709058
95;1000;1023269
96;1000;2889783
97;1000;1759739
98;1000;7756862
99;1000;385240
100;1000;6373659
101;1000;8394465
102;1000;1895845
103;1000;14619112
104;41;3842913
105;1000;1785343
106;1000;1343297
107;1000;1574666
108;1000;561665
109;0;153314
110;1000;8137644
111;1000;9041915
112;1000;1035485
113;1000;3039310
114;1000;6786743
115;1000;2781101
116;1000;1760003
117;1000;35468939
118;0;6429
119;0;2627
120;1000;47690692
121;1000;1522092
122;0;501688831
123;1000;2245642
124;1000;1972128
125;606;3327993
126;1000;5641287
127;1000;12033831
128;1000;1237160
129;1000;42408741
130;1000;850809
131;605;2824369
132;0;33339159
133;1000;7046062
134;1000;1522909
135;585;3969439
136;1;2610056
137;1;3109472
138;322;2889378
139;1000;4008868
140;50;28557566
141;1000;420389
142;1000;224075
143;1000;1420024
144;62;11793399
145;1000;3375677
146;1000;1276008
147;1000;2465122
148;1000;2514837
149;1000;4402057
150;99;6208829
151;1000;436135
152;1000;2436374
153;1000;7834999
154;1000;2165172
155;1000;1324262
156;365;613023
157;1000;330254
158;1000;35054558
159;1000;32668217
160;1000;34439612
161;1000;30755930
162;922;53003084
163;1000;1007630
164;1000;832044
165;1000;1226087
166;1000;1156502
167;1000;1208217
168;1000;2862180
169;1000;1288583
170;1000;3608041
171;1000;2075769
172;1000;2109329
173;1000;639962
174;1000;1180384
175;1000;281625
176;1000;1351063
177;1000;14031194
178;1000;1137236
179;1000;337943
180;1000;1439947
181;1000;1129477
182;1000;1912204
183;1000;2789985
184;1000;1034686
185;1000;636793
186;1000;1146824
187;1000;844831
188;1000;2491387
189;0;3338695972
190;118;2878497
191;1000;912256
192;1000;2896744
193;1000;1158679
194;0;10319405
195;1000;2318240
196;1000;150915
197;1000;33126797
198;1000;714544
199;1000;4398671
200;1000;1326686
201;296;10158088
202;1000;1010738
203;1000;5865022
204;1000;1141366
205;1000;474272
206;1000;477003
207;1000;303492
208;1000;1779072
209;1000;5689301
210;1000;1392263
211;1000;13339507
212;1000;3718860
213;1000;10216077
214;1000;328080
215;0;6360
216;1000;762332
217;1000;1232818
218;1000;698837
219;1000;515917
220;1000;1150512
221;1000;994420
222;1000;1654349
223;18;584279724
224;1000;4365502
225;1000;1456309
226;1000;1324003
227;86;6380788
228;12;382091
229;1000;593355
230;1000;722231
231;1000;1216672
232;18;1346791
233;1000;1735465
234;1000;1495273
235;1000;1119597
236;1000;15530243
237;1000;141455
238;1000;2476302
239;57;88951
240;1000;374426
241;1000;433053
242;1000;148586
243;1000;1238086
244;1000;1268525
245;78;4406176
246;1000;327493
247;1000;4101910
248;1000;1975592
249;1000;3128496
250;1000;658767
251;1000;567438
252;1000;3047340
253;1000;459095
254;1000;1825144
255;1000;3826116
256;201;234434
257;1000;1579360
258;432;433418
259;1000;342245
260;1000;1227600
261;171;1721820
262;1000;832749
263;1000;1658556
264;1000;1841378
265;1000;19767117
266;1000;1863482
267;1000;1001235
268;1000;831877
269;1000;1186763
270;1000;231815
271;0;1774
272;1000;1294336
273;257;4341875
274;1000;1380130
275;1000;152334
276;5;700483674
277;1000;1238478
278;617;409855
279;1000;501026
280;1000;824379
281;1000;6435541
282;0;238507
283;1000;378581
284;1000;393906
285;1000;1023719
286;340;3609884
287;202;4256769
288;1000;294910
289;1000;1512939
290;1000;9063363
291;1000;910265
292;1000;3376716
293;1000;582143
294;1000;1395108
295;1000;3443615
296;1000;2362331
297;1000;1941184
298;1000;10770754
299;0;3484
300;1000;530431
301;1000;1355891
302;29;788659
303;1000;957963
304;1000;1040239
305;0;143798975
306;1000;1252077
307;1000;1771336
308;1000;657370
309;330;999577
310;1000;2573870
311;1000;158519
312;1000;1128372
313;68;359416
314;38;197854
315;1000;1599322
316;1000;845122
317;1000;592470
318;1000;499107
319;1000;2562466
320;1000;1102118
321;1000;1166924
322;1000;1984996
323;703;35344454
324;697;24396581
325;1000;8397994
326;1000;1071704
327;1000;1269788
328;362;1900517
329;1000;1565064
330;0;196463
331;1000;2835833
332;1000;508582
333;1000;181072
334;267;848848619
335;1000;1144821
336;1000;2680067
337;1000;901142
338;1000;816102
339;1000;658425
340;1000;252851
341;1000;34640359
342;1000;315153
343;1000;963276
344;1000;707714
345;1000;572650
346;1000;510410
347;1000;631012
348;1000;687979
349;1000;863743
350;1000;1149184
351;1000;2962118
352;1000;404472
353;1000;831862
354;1000;371577
355;1000;470847
356;1000;925615
357;1000;621826
358;1000;773859
359;0;1145676077
360;1000;206702
361;1000;1120819
362;609;668279
363;1000;819599
364;1000;823327
365;10;66031
366;1000;419116
367;8;322668
368;1000;370938
369;1000;785697
370;1000;1152981
371;1000;1160702
372;1000;638756
373;1000;1770835
374;1000;292374
375;1000;363629
376;1000;362234
377;1000;1040448
378;1000;190691
379;1000;263709
380;1000;305042
381;1000;326105
382;1000;181242
383;1000;168027
384;1000;165261
385;1000;273378
386;1000;282732
387;1000;381147
388;1000;205135
389;1000;227638
390;1000;175421
391;1000;280584
392;1000;428799
393;1000;197442
394;1000;741216
395;1000;952552
396;1000;518492
397;1000;835555
398;1000;788115
399;60;215842
400;1000;835523
401;1000;737248
402;1000;419142
403;1000;648627
404;1000;919330
405;1000;552084
406;1000;88997503
407;1000;777542
408;1000;1387923
409;1000;777953
410;1000;822203
411;1000;859308
412;1000;1206427
413;1000;1565068
414;1000;328723
415;1000;1149058
416;19;729922
417;1000;791931
418;1000;497785
419;1000;658857
420;0;1449293054
421;1000;3485025
422;1000;467310
423;1000;327769
424;1000;356308
425;1000;2925949
426;1000;137723
427;1000;736263
428;1000;403134
429;1000;833209
430;1000;644510
431;1000;202058
432;1000;807057
433;1000;139697
434;1000;656263
435;1000;275690
436;1000;193245
437;1000;742616
438;1000;842372
439;1000;432709
440;1000;251004
441;1000;600916
442;1000;94270853
443;1000;90210303
444;1000;946317
445;1000;516175
446;1000;210134
447;0;23440803447
448;1000;328354
449;1000;697797
450;1000;906055
451;1000;794853
452;344;1450420
453;1000;1228870
454;1000;325997
455;781;760903
456;1000;454990
457;1000;708432
458;1000;866159
459;1000;150889
460;91;1347409
461;657;837821
462;23;179146694
463;1000;1084064
464;1000;166218
465;1000;1694113
466;1000;777375
467;1000;788501
468;1000;2226802
469;1000;609482
470;1000;1536502
471;7;76336
472;62;7610427
473;1000;699493
474;55;7562735
475;0;1135195
476;0;1320484
477;0;242420
478;0;245451
479;0;182671
480;1000;785650
481;1000;472874
482;1000;630145
483;701;477544
484;1000;776463
485;1000;1267878
486;1000;994092
487;1000;538778
488;1000;522373
489;1000;570309
490;1000;440935
491;1000;844775
492;1000;1047843
493;6;57414
494;1000;2476821
495;1000;232792
496;1000;820260
497;1000;1955862
498;1000;738227
499;1000;265313
500;1000;2296831
501;1000;1260815
502;0;72989683
503;140;177902
504;1000;919291
505;1000;886249
506;17;319487
507;1000;423563
508;1000;821767
509;221;670812
510;1000;339515
511;1000;621425
512;1000;3358982
513;1000;719659
514;1000;129833
515;1000;1246460
516;1000;469637
517;1000;623766
518;1000;571707
519;1000;729573
520;1000;421948
521;1000;452053
522;1000;1648972
523;1000;1000507
524;0;2952
525;1000;1493192
526;1000;138593
527;0;1127
528;1000;895748
529;1000;744712
530;1000;318633
531;20;119685
532;1000;2462597
533;1000;144230
534;1000;123240
535;1000;175565
536;1000;1020276
537;1000;686614
538;1000;367820
539;1000;1006359
540;1000;789167
541;370;34585452
542;1000;4580099
543;1000;442437
544;35;104274
545;746;797387
546;1000;899976
547;193;136101
548;1000;760820
549;1000;814129
550;1000;547213
551;315;4018981
552;1000;1142120
553;1000;871928
554;2;39654
555;15;149548900
556;1000;1763090
557;1000;739199
558;1000;715841
559;1000;685223
560;1000;672791
561;1000;668949
562;1000;314688
563;1000;420696
564;1000;611450
565;50;72416
566;490;1602838
567;1000;1067176
568;86;817350
569;1000;1036014
570;1000;643041
571;1000;2786991
572;1000;14069742
573;1000;404442
574;1000;578495
575;1000;769332
576;1000;370493
577;1000;1108696
578;1000;712326
579;1000;887139
580;1000;2995573
581;1000;459607
582;1000;320706
583;1000;297936
584;1000;2211630
585;1000;4881191
586;1000;633585
587;1000;688808
588;1000;839540
589;1000;1321543
590;1000;1577555
591;1000;204686
592;54;39074064
593;1000;719208
594;0;487771935
595;1000;84922618
596;1000;1195800
597;1000;480884
598;1000;1337046
599;1000;540031
600;1000;957958
601;1000;514720
602;1000;1103762
603;1000;638627
604;1000;479223
605;93;177988
606;1000;793390
607;1000;750245
608;1000;140220
609;0;2017
610;24;340425
611;1000;829769
612;1000;465564
613;1000;693411
614;1000;555815
615;1000;9600760
616;1000;210682
617;119;281604946
618;1000;698105
619;1000;581042
620;1000;1063553
621;1000;622742
622;1000;247144
623;1000;1014817
624;1000;989000
625;1000;1152340
626;0;604091
627;1000;10221196
628;47;169426
629;1000;504366
630;1000;1046423
631;1000;977309
632;1000;527159
633;0;125471016
634;1000;804990
635;0;30213957
636;0;4749145
637;0;6330
638;1000;482848
639;1000;448141
640;1000;3932197
641;1000;391931
642;407;996852
643;1000;968840
644;293;1315083
645;1000;664908
646;1000;1551148
647;1000;683396
648;1000;1172985
649;1000;815979
650;1000;2426749
651;1000;823211
652;1000;409056
653;1000;121316
654;1000;702525
655;1000;576532
656;1000;380997
657;267;1831950
658;1000;1226277
659;1000;681236
660;1000;167047
661;1000;1800066
662;1000;1158420
663;1000;275164
664;6;65336
665;68;5032395
666;170;599691
667;1000;1379319
668;1000;1424581
669;1000;208578
670;1000;126735
671;1000;1001130
672;1000;282662
673;1000;1005135
674;1000;241412
675;595;1821283
676;1000;959781
677;302;599692
678;1000;1896043
679;1000;485930
680;1000;1292854
681;1000;347014
682;260;308551
683;34;201756
684;1000;684870
685;1000;1094720
686;1000;1053721
687;0;180907
688;1000;2674761
689;1000;715997
690;1000;749474
691;1000;1109655
692;1000;1367590
693;1000;1022809
694;1000;394448
695;1000;708789
696;1000;1518233
697;1000;368149
698;1000;475871
699;1000;248494
700;1000;359842
701;1000;393586
702;1000;447536
703;1000;186383
704;23;64500
705;1000;426941
706;1000;796507
707;56;59941
708;1000;437950
709;1000;159646
710;1000;537462
711;1000;292445
712;1000;415077
713;1000;359503
714;2;47823
715;1000;414759
716;1000;404695
717;1000;527636
718;1000;310101
719;1000;319114
720;1000;417348
721;1000;419515
722;1000;436030
723;1000;466358
724;1000;418638
725;8;67885
726;1000;450183
727;1000;452465
728;1000;385260
729;15;20845
730;1000;468921
731;1000;462169
732;1000;417892
733;1000;455043
734;1000;467730
735;1000;402267
736;1000;540942
737;1000;393854
738;1000;397378
739;1000;426857
740;1000;448184
741;1000;418029
742;1000;486264
743;1000;444422
744;1000;476496
745;1000;243549
746;1000;480733
747;110;133419
748;1000;441108
749;1000;363284
750;1000;446983
751;1000;421829
752;1000;437894
753;1000;161662
754;1000;470530
755;1000;444908
756;1000;241421
757;1000;418639
758;1000;439705
759;1000;282683
760;1000;417257
761;1000;435511
762;1000;458527
763;1000;444027
764;1000;472251
765;1000;470257
766;22;42967
767;1000;455850
768;1000;345247
769;1000;496961
770;1000;412996
771;1000;458510
772;1000;410947
773;1000;488629
774;1000;356569
775;1000;155121
776;413;154566
777;1000;302969
778;1000;460274
779;1000;484926
780;1000;455493
781;1000;465967
782;1000;457465
783;1000;427953
784;1000;346960
785;1000;434256
786;1000;430906
787;1000;412853
788;1000;422596
789;104;84573
790;1000;475523
791;1000;445772
792;405;164770
793;1000;333427
794;1000;242253
795;1000;438362
796;1000;238369
797;1000;431777
798;13;86184
799;24;91138
800;11;93150
801;1000;446388
802;71;123840
803;1000;470314
804;1000;494624
805;28;99734
806;1000;448038
807;1000;449565
808;16;82995
809;16;92425
810;12;68200
811;1000;491170
812;1000;432704
813;1000;420747
814;1000;397135
815;1000;406300
816;1000;373320
817;1000;516567
818;1000;468813
819;124;71831
820;1000;714405
821;1000;475295
822;1000;465249
823;1000;402711
824;1000;447985
825;1000;424104
826;1000;507315
827;1000;474699
828;1000;410079
829;1000;402408
830;1000;422791
831;1000;447396
832;1000;458924
833;1000;435571
834;1000;214454
835;1000;386056
836;1000;388034
837;1000;438508
838;1000;350615
839;1000;436899
840;1000;381715
841;62;37660
842;82;67738
843;1000;446503
844;693;281017
845;1000;427351
846;1000;2628599
847;1000;457844
848;1000;448130
849;1000;423866
850;260;109799
851;176;92899
852;1000;438129
853;1000;446518
854;1000;494476
855;1000;452696
856;582;235682
857;27;107846
858;1000;451330
859;1000;419344
860;1000;404415
861;1000;452288
862;1000;448305
863;1000;434168
864;1000;403478
865;154;116826
866;1000;254985
867;1000;416870
868;1000;441337
869;1000;432005
870;1000;476515
871;1000;445619
872;1000;192778
873;1000;410975
874;382;166317
875;1000;401977
876;1000;430319
877;1000;456142
878;45;106291
879;1000;490911
880;6;83549
881;1000;471245
882;1000;416265
883;1000;461519
884;1000;481447
885;1000;451365
886;1000;434170
887;1000;421211
888;1000;440691
889;10;78510
890;1000;420134
891;1000;450207
892;1000;430582
893;623;245371
894;444;178915
895;1000;251967
896;981;357422
897;1000;391382
898;1000;394060
899;1000;415583
900;1000;456928
901;1000;441852
902;1000;483352
903;1000;447694
904;1000;423275
905;1000;428846
906;1000;382607
907;1000;532403
908;1000;518552
909;1000;256077
910;1000;440588
911;1000;475940
912;1000;392529
913;1000;455454
914;1000;419413
915;1000;464072
916;1000;226437
917;1000;212765
918;1000;229309
919;1000;167457
920;1000;486137
921;100;48427
922;1000;430234
923;1000;450518
924;1000;518961
925;1;387047
926;1000;25861737
927;2;66240
928;113;1044999
929;73;2120979
930;647;3883096
931;1000;933527
932;1000;844785
933;1000;1126185
934;459;296802
935;670;2661327
936;0;2835
937;1000;4267963
938;1000;605223
939;137;169439
940;1000;1434288
941;1000;584748
942;7;9474
943;20;408682
944;1000;542461
945;1000;935820
946;0;14385
947;2;22207
948;1000;452416
949;31;170037
950;33;2347806
951;1000;478186
952;1000;6047743
953;1000;548476
954;1000;506726
955;1000;3337050
956;1000;527798
957;203;180696
958;666;525226
959;1000;460788
960;1000;479228
961;107;100082
962;1000;600959
963;1000;466877
964;1000;588917
965;1000;649366
966;258;190437
967;1000;512676
968;1000;839375
969;1000;501725
970;1000;543866
971;0;24128
972;1000;1703481
973;36;94573
974;32;76008
975;52;318265
976;15;228285
977;37;124392
978;35;56060
979;0;9780
980;116;803505
981;3;83306
982;31;23588
983;1000;770713
984;1000;509317
985;403;1289689
986;1000;1161445
987;1000;1428570
988;372;2308236
989;65;476857
990;282;402951
991;1000;462549
992;11;116870
993;731;788053
994;77;181105
995;1000;477302
996;1000;587948
997;59;51349
998;50;180149
999;63;57221
1000;0;9072
1001;0;5759
1002;1000;2490806
1003;1000;89521019
1004;1000;125510
1005;0;2438
1006;764;87137
1007;1000;2011449
1008;20;63450
1009;183;33274
1010;1000;1541113
1011;54;23772
1012;1000;388322965
1013;1000;61927149
1014;54;32635
1015;0;12388
1016;233;31670
1017;1000;2730426
1018;71;32693
1019;1000;908170
1020;198;25379
1021;1000;1203656
1022;1000;120619
1023;1000;1219211
1024;156;23334
1025;1000;160732
1026;1000;1252648
1027;131;20097
1028;1000;1672796
1029;1000;8568315
1030;339;42330
1031;634;72068
1032;1000;314256
1033;351;37684
1034;1000;145611
1035;1000;2484804
1036;1000;97723
1037;1000;133905
1038;1000;976858
1039;0;1371
1040;1000;1328934
1041;1000;150892
1042;1;92749
1043;1000;642059
1044;357;38422
1045;1000;1112748
1046;0;47165
1047;1000;97568
1048;10;10892
1049;14;12322
1050;1000;528561
1051;1000;45811903
1052;1000;5343568
1053;1000;9698073
1054;8;18671
1055;0;2503
1056;1000;109047
1057;1000;4151257
1058;1000;501855
1059;1000;2099321
1060;74;22688
1061;1000;119758
1062;1000;338613
1063;1000;251200
1064;1000;1153478
1065;1000;206143
1066;1;13272
1067;1;13038
1068;1000;37879971
1069;63;25699
1070;1000;127881
1071;1000;5444265
1072;1000;1037928
1073;1000;240534
1074;20;11530
1075;751;78578
1076;1000;2740597
1077;1000;342210
1078;1000;21842724
1079;37;26370
1080;309;42500
1081;0;8451
1082;1000;105747
1083;1000;171191
1084;1000;5116199
1085;1000;205741
1086;1;57294
1087;60;16994
1088;0;7492
1089;0;3130
1090;0;740
1091;0;860
1092;1000;20704407
1093;0;4397
1094;0;684
1095;0;651
1096;1;13400
1097;0;723
1098;0;435
1099;102;22568
1100;0;2520
1101;150;36129
1102;0;17480
1103;62;17392
1104;67;57714
1105;8;8572
1106;45;17734
1107;1000;722317
1108;167;37192
1109;922;93688
1110;1000;100628
1111;341;52225
1112;2;21873
1113;295;45410
1114;0;1018
1115;0;755
1116;0;597
1117;20;7551
1118;559;72689
1119;1;6657
1120;1000;11139245
1121;1000;104632
1122;2;59316
1123;1;47116
1124;1;61833
1125;285;36041
1126;1000;397270
1127;21;11630
1128;42;11152
1129;1000;4528398
1130;1000;1299065
1131;131;36824
1132;1;85678
1133;1000;1105245
1134;1000;41205367
1135;1000;670989
1136;1000;331705
1137;29;17040
1138;4;96818
1139;1000;102725
1140;1000;253398
1141;29;11555
1142;805;81227
1143;249;37770
1144;11;7589
1145;681;79225
1146;108;18870
1147;54;15079
1148;89;25445
1149;733;77634
1150;1000;132063
1151;1000;228191
1152;7;9592
1153;1000;148590
1154;318;42082
1155;3;9888
1156;299;35938
1157;1;5353
1158;366;38213
1159;1000;700784
1160;1000;358411
1161;1000;283491
1162;40;11441
1163;1;59803
1164;1;60676
1165;0;4953
1166;204;37234
1167;1000;200381
1168;1;7388
1169;1000;8921061
1170;473;57596
1171;7;58833
1172;0;46618
1173;1000;105334
1174;1000;630957
1175;1000;132441
1176;40;17408
1177;1000;188561
1178;282;39935
1179;1000;362524
1180;1;54359
1181;1000;119102
1182;14;54089
1183;38;18085
1184;114;19443
1185;1;7229
1186;55;14160
1187;1000;112639
1188;2;41588
1189;23;9120
1190;222;39203
1191;305;40083
1192;1000;98167
1193;1000;299273
1194;1000;98721
1195;3;53368
1196;1000;126969
1197;0;2722
1198;34;17680
1199;534;65329
1200;1000;327526
1201;1000;147711
1202;45;9480
1203;1000;139752
1204;1;4710
1205;1;5803
1206;9;7653
1207;20;8788
1208;890;86942
1209;1000;282516
1210;1000;121157
1211;7;4483
1212;1;48441
1213;338;45643
1214;16;14592
1215;1;61214
1216;1;67257
1217;1000;110913
1218;35;24659
1219;27;8562
1220;1000;333230
1221;1000;106410
1222;222;33226
1223;210;29751
1224;1000;911287
1225;1000;111429
1226;1000;195085
1227;17;8369
1228;277;37144
1229;114;19618
1230;0;10862
1231;0;10959
1232;1000;98498
1233;13;62283
1234;6;16941
1235;1000;125301
1236;38;23781
1237;1000;521078
1238;1000;99863
1239;78;20614
1240;1000;868646
1241;50;17685
1242;320;37474
1243;1000;4793541
1244;1000;2075772
1245;0;2873
1246;259;37289
1247;1;71788
1248;1;55934
1249;1000;95693
1250;1;89493
1251;1;40958
1252;3;59593
1253;2;43349
1254;479;54728
1255;1;49631
1256;0;1451
1257;0;30976
1258;0;30377
1259;0;26214
1260;0;1903
1261;0;894
1262;1000;145665
1263;1000;109059
1264;150;25750
1265;1000;135549
1266;1000;107216
1267;500;58369
1268;269;45849
1269;1;42591
1270;1000;108776
1271;654;70407
1272;72;16559
1273;860;87913
1274;34;17042
1275;13;5819
1276;1000;110585
1277;1000;98223
1278;1000;222761
1279;5;7695
1280;185;24028
1281;70;26649
1282;1000;205568
1283;27;10312
1284;215;34873
1285;76;27629
1286;1000;179966
1287;1000;2013512
1288;1;28635
1289;1;30645
1290;1;8222
1291;1;22212
1292;68;22650
1293;9;11509
1294;0;926
