Index loaded: 3452149350 bytes.
0;1;753801
1;1000;330497
2;1;195393
3;27;299903
4;273;164562
5;1;126066
6;1;77466
7;2;61245
8;1;1806678
9;1000;238966
10;2;192307
11;10;110019
12;1;32995
13;81;530319
14;8;519875
15;11;599488
16;4;24831
17;10;23817
18;3;796925
19;2;222259
20;4;42763
21;50;2772248
22;5;254772
23;17;638592
24;2;603286
25;2;1194711
26;245;112476
27;10;49787
28;1;45654
29;248;2166966
30;1;123157
31;2;31252
32;1;569993
33;1;2004794
34;102;3208020
35;2;467968
36;11;1507229
37;1;67873
38;9;1122308
39;1;466674
40;1;20378
41;1;466819
42;7;85329
43;1;350882
44;5;399760
45;1;3254902
46;1;166208
47;1;60962
48;3;447796
49;1000;397403
50;1;137899
51;1;146796
52;1;52346
53;1;143051
54;1;1200031
55;32;46108
56;926;269926
57;1;38935
58;1;163993
59;1;18967
60;1;1737337
61;1;44122
62;507;543603
63;4;68318
64;2;18939
65;2;106047
66;1;119001
67;26;223201
68;1;56560
69;6;187912
70;29;19949
71;1;34786
72;1;115776
73;308;11479902
74;1;35058
75;1;65257
76;15;18173519
77;24;93462
78;3;145496
79;1;598544
80;16;242329
81;76;39447
82;1;87757
83;32;72906
84;56;143451
85;1;121647
86;37;36780
87;1;51111
88;20;86050
89;1000;261101
90;1;162237
91;35;51201
92;1;181334
93;22;30571
94;1;36133
95;1;48314
96;1000;318254
97;4;66713
98;1;74309
99;188;1039590
100;1;21368
101;1;105534
102;1;164719
103;1;184868
104;1;2738190
105;1;76130
106;9;446658
107;1;30462
108;76;70386
109;143;208754
110;7;127607
111;33;31516
112;688;781057
113;3;3132501
114;233;289770
115;1;76751
116;8;172961
117;7;230741
118;1000;5373812
119;1;65913
120;1;1913688
121;2;32957
122;5;145882
123;1;164207
124;93;69619
125;1;71744
126;12;339599
127;4;86129
128;3;133401
129;1000;179295
130;1;324064
131;1;833953
132;3;1490580
133;2;323801
134;1;22750
135;1;64219
136;1;49567
137;120;79051
138;2;251589
139;7;988369
140;365;200011
141;1;682676
142;23;345105
143;7;413010
144;1;75556
145;122;315424
146;2;90952
147;71;72391
148;1;41953
149;61;58814
150;1;466717
151;1;1156866
152;1000;247804
153;1;1136739
154;9;43058
155;3;188041
156;6;92750
157;1;157705
158;7;65035
159;1;267816
160;1;100850
161;386;179734
162;30;301565
163;1;22875
164;18;43155
165;1000;800244
166;1;139626
167;97;81736
168;1000;402280
169;2;639183
170;83;4067099
171;1000;135454
172;2;8286121
173;234;451804
174;1;1735748
175;1000;131572
176;1;68237
177;1;565873
178;1;241341
179;1000;425090
180;1;32886
181;1;69563
182;128;205870
183;1000;674213
184;1;1839124
185;1;245596
186;1;256989
187;1;81565
188;2;121032
189;3;357304
190;59;25217872
191;2;2710360
192;1;108686
193;1;43555
194;1000;230671
195;1;848090
196;80;413886
197;3;2543514
198;8;22612
199;65;524950
200;1000;177287
201;2;271774
202;35;738680
203;8;73562
204;1;40236
205;1;150157
206;3;4948410
207;1;213477
208;2;19559
209;568;237533
210;1;824953
211;113;546085
212;1;161188
213;9;75281
214;1;1172185
215;3;153707
216;1;88638
217;1;52893
218;1000;740040
219;3;111270
220;3;980669
221;1;26991
222;1;97975
223;12;150779
224;1;123902
225;3;177798
226;3;6398372
227;1;52055
228;1;4717420
229;5;33225
230;34;587020
231;2;44570
232;31;435579
233;1;782220
234;1;178142
235;1;2061514
236;4;179315
237;1;4247129
238;1;143259
239;22;2367088
240;1000;1282488
241;12;86459
242;7;167174
243;5;293088
244;1;95874
245;1;26949
246;3;28365
247;1;27455
248;1;1501352
249;4;1098581
250;1;60186
251;2;87529
252;87;128407
253;30;254479
254;2;671632
255;15;192113
256;2;172272
257;1;45499
258;2;67149
259;1;41329
260;1;91107
261;2;462135
262;1;39376
263;2;24030
264;2;13472
265;284;161489
266;1;28463
267;1;85293
268;3;44106
269;1000;324489
270;1;260159
271;1;83569
272;1000;288604
273;3;41266
274;2;161857
275;64;261402
276;2;16875
277;25;23645
278;5;231558
279;3;196244
280;5;18371782
281;1;93425
282;1;21433
283;12;5062504
284;17;48576
285;1;279465
286;1000;245485
287;4;2193742
288;37;322621
289;1;118551
290;3;17105589
291;432;134604
292;1;34512
293;172;470962
294;8;63155
295;1;36764
296;38;83405
297;3;934671
298;1;371072
299;1;29668
300;1;228850
301;10;212418
302;2;119359
303;4;250278
304;6;18584
305;52;95883
306;1;15897
307;2;290057
308;4;85152
309;320;195107
310;1;23045
311;1;770090
312;1000;255812
313;1;433505
314;1;53580
315;2;184680
316;24;45801
317;24;30626
318;1;29995
319;1;16962
320;2;25784
321;1;75599
322;1;2142419
323;22;116351
324;67;143783
325;1;418699
326;1;789345
327;4;1358850
328;1;89364
329;1;15350
330;1;144433
331;2;356469
332;21;153183
333;1;79847
334;18;65738
335;1;44118
336;1000;714171
337;50;565634
338;830;201949
339;6;118784
340;1;105990
341;1;236305
342;24;6415280
343;7;44804
344;1;377245
345;1;1235995
346;2;1340571
347;1;81751
348;4;343472
349;1;39474
350;2;345378
351;1;1905124
352;48;110843
353;7;118359
354;9;356131
355;1000;276764
356;2;11124356
357;23;362518
358;1;38738
359;1;1026950
360;1;1040742
361;1;1057775
362;14;74789
363;30;289356
364;21;137883
365;1000;693196
366;1;594174
367;1;405153
368;704;157342
369;3;164406
370;1;37367
371;2;41110
372;1;1133197
373;8;22064
374;1000;796326
375;1;219019
376;65;57787
377;1;331922
378;1;143773
379;1;97534
380;1000;492341
381;1;12628
382;1;38520
383;1;12297
384;3;37147
385;1;2928508
386;486;1255132
387;1;20803
388;50;26395264
389;4;674123
390;1000;283996
391;6;74781
392;3;52133
393;16;240248
394;883;1031057
395;1;162515
396;1000;432610
397;221;3134184
398;20;60422
399;1;627951
400;1;232280
401;1;95069
402;23;264612
403;1000;195726
404;2;339692
405;2;40773
406;4;101787
407;4;310357
408;59;25907001
409;1;167237
410;6;14516831
411;1;32745
412;1;2338215
413;14;116889
414;2;1225795
415;3;1845209
416;141;1546646
417;1;67478
418;1;38430
419;3;171240
420;151;118662
421;2;773558
422;25;28429
423;1;109978
424;1;629447
425;1;332154
426;1;394798
427;1;472480
428;1;42584
429;1;760890
430;2;5023004
431;117;75438
432;2;12464
433;49;910357
434;1;57233
435;2;475777
436;1;56690
437;1;17915
438;1;66480
439;3;45221
440;2;135085
441;2;264797
442;10;51268
443;1000;845838
444;1;48186
445;1;20693
446;7;98485
447;3;202457
448;2;3424112
449;32;123773
450;2;98418
451;56;710598
452;1000;138458
453;1000;175023
454;1;327160
455;29;400656
456;5;36736
457;1;21636
458;328;120817
459;1;76081
460;83;472641
461;6;5611401
462;1;762679
463;1;753679
464;4;74724
465;1;156664
466;2;4609424
467;1;91361
468;19;145832
469;1;122029
470;1000;231116
471;1;134825
472;1;47620
473;2;799168
474;1;103476
475;248;172064
476;1;116790
477;349;204209
478;1;236741
479;2;122338
480;14;573010
481;73;594516
482;2;145015
483;2;34137
484;1;37285
485;1;21353
486;1;442528
487;1;33477
488;20;192631
489;48;256660
490;1;318063
491;1;3504745
492;120;68294
493;1;62222
494;1;124522
495;1000;9019710
496;153;263013
497;3;345471454
498;1;187428
499;3;459793
500;1;3392125
501;1;3311876
502;150;160196
503;29;169418
504;1;1621525
505;1;767616
506;1;66729
507;1;72089
508;11;79885
509;1;36193
510;1000;326076
511;1;80749
512;4;614431
513;117;360870
514;2;740748
515;1;2507075
516;26;1213430
517;4;160544
518;13;117259
519;1;53350
520;18;214239
521;4;251145
522;1000;309359
523;1;207873
524;532;740802
525;1;569168
526;1;75361
527;131;437762
528;1;86342
529;1;467494
530;1;37834
531;6;207935
532;141;62668
533;8;386197
534;250;1651205
535;1000;302619
536;149;253701
537;4;155961
538;4;738384
539;2;1484184
540;3;109589
541;1;137959
542;1;111197
543;5;330521
544;1;62948
545;1;46949
546;6;45252
547;1;118878
548;3;69137
549;1000;379448
550;1;220206
551;2;39487
552;1;43563
553;1;66622
554;7;70170
555;1;608691
556;1;200720
557;1;915991
558;309;341752
559;6;92890
560;1;61691
561;3;230433
562;12;838857
563;1000;135503
564;3;107970
565;1;4295365
566;2;1056520
567;2;76763
568;6;39653
569;326;519481
570;13;13191589
571;1;24853627
572;77;222699
573;3;796659
574;1;424879
575;1;248192
576;1;103825
577;1;90541
578;1;243260
579;697;176394
580;9;465482
581;3;6814677
582;1;29291
583;1;40308
584;1;1012061
585;3;147448
586;2;22467152
587;3;388871
588;4;322332
589;1;41241
590;1;156256
591;2;220834
592;2;2636073
593;6;991440
594;1;1390846
595;1000;352131
596;5;46906
597;1;59317
598;2;36880
599;1;349161
600;1000;605311
601;1000;144602
602;279;109577
603;448;167644
604;263;1555881
605;1;131881
606;1;960782
607;1000;464906
608;30;1113015
609;2;422435
610;1;179925
611;1;331675
612;1;169374
613;2;6117901
614;1;2848266
615;193;270552
616;16;1130458
617;3;85124
618;3;604694
619;26;1522296
620;2;34723
621;1;52758
622;18;181576
623;2;242585
624;23;1285709
625;3;98653
626;1;1205481
627;1;17123
628;5;55316
629;4;162477
630;1000;136889
631;523;572491
632;39;488611
633;52;219825
634;10;126878
635;1;45323
636;1;362072
637;2;89504
638;6;41565
639;2;247738
640;250;313994
641;3;106139
642;3;236864
643;3;94814
644;3;14408
645;1;85732
646;1;128296
647;476;162722
648;2;179316
649;1;180655
650;3;2295786
651;1;118866
652;2;1352120
653;109;114041
654;8;218138
655;13;351761
656;30;527795
657;3;151454
658;8;7153630
659;2;191873
660;2;282998
661;1;339102
662;2;6069106
663;806;3229443
664;3;673095
665;3;247193
666;1;111932
667;1;244148
668;1;1270435
669;1000;676546
670;9;1031742
671;5;1298743
672;2;357434
673;1;194890
674;2;935204
675;1;241996
676;2;101034
677;10;153866
678;1;21883
679;37;450040
680;1;155286
681;1;33911
682;1000;184079
683;2;159134
684;108;63637
685;3;471811
686;1;359623
687;2;92720
688;9;197595
689;1;65768
690;2;77553
691;2;1505996
692;1;227954
693;1;252312
694;1;347563
695;85;622770
696;240;240681
697;1;57132
698;1;132099
699;4;375681
700;3;22241
701;3;128463
702;8;53949
703;14;511664
704;12;1488368
705;36;593614
706;1;84712
707;1;60505
708;447;140080
709;125;134767
710;61;596255
711;7;279981
712;1;6807811
713;2;222611
714;1000;1273055
715;143;1459955
716;1;120090
717;1;2135633
718;1;164127
719;1;30205943
720;2;178754
721;3;94560
722;597;2662539
723;1;52303
724;322;379965
725;1;1147921
726;2;66490
727;1;13406912
728;9;216583
729;177;182857
730;2;269903
731;1000;252076
732;6;154492
733;1;488661
734;1;51584
735;7;237320
736;13;159313
737;3;539574
738;1;1042944
739;1;595763
740;7;71658
741;47;189685
742;1;1154206
743;1;77597
744;1;49950
745;1;35265
746;1;2102792
747;1;41878
748;1;44026
749;3;4626871
750;8;4278171
751;534;232802
752;1;741400
753;7;517888
754;6;11673385
755;1000;276253
756;1;236176
757;1;1365054
758;1;18508
759;1;121634
760;1;138983
761;24;126805
762;6;721788
763;12;145741
764;4;67854
765;4;38548
766;1;43237
767;5;198349
768;1;44411
769;14;148722
770;9;222939
771;39;51289
772;889;725092
773;1;182664
774;3;1055881
775;587;657862
776;10;54333
777;4;103714
778;3;33564
779;1;91300
780;5;2177592
781;19;58419
782;1;1008252
783;1;70295
784;2;30446
785;2;265269
786;2;88405
787;2;153905
788;20;119591
789;1;61647
790;1000;1053895
791;1;735503
792;3;241457
793;10;34945
794;9;157471
795;7;116540
796;510;109619
797;2;6068792
798;1;40787
799;1;78750
800;1000;188401
801;1;14788
802;2;36260
803;724;529576
804;113;805692
805;1;17900
806;42;66796
807;7;93305
808;8;268963
809;2;51587
810;21;21219
811;6;11796449
812;2;50138
813;2;1194940
814;1;21550
815;5;5110225
816;202;459390
817;1;886911
818;1;240854
819;2;195797
820;6;579871
821;23;28575220
822;3;178447
823;1;176527
824;1;36268
825;4;71854
826;1000;253433
827;81;228690
828;2;227684
829;1;222561
830;264;459786
831;1;70077
832;63;120381
833;1;203970
834;3;34895
835;4;133109
836;1;66846
837;1;23288
838;5;521842
839;126;94439
840;1;61785
841;11;151409
842;19;1348073
843;1;919395
844;37;49804
845;1;5425748
846;1;378698
847;3;914538
848;3;56624
849;2;154648
