Index loaded: 3452149350 bytes.
0;1;194477
1;1000;293289
2;1;8447570
3;27;1135986
4;273;170538
5;1;33721
6;1;68961
7;2;49786
8;1;417452
9;1000;254481
10;2;174492
11;10;112322
12;1;479079
13;81;523736
14;8;60067
15;11;1302758
16;4;21544
17;10;20544
18;3;1403490
19;2;247493
20;4;46069
21;50;5698093
22;5;248245
23;17;1817055
24;2;608456
25;2;1192890
26;245;160384
27;10;48651
28;1;35821
29;248;2781309
30;1;122759
31;2;22654
32;1;690464
33;1;488337
34;102;1697953
35;2;455112
36;11;459686
37;1;53202
38;9;1246736
39;1;518416
40;1;16007
41;1;1103341
42;7;90417
43;1;259392
44;5;398090
45;1;40970
46;1;167355
47;1;56635
48;3;453845
49;1000;430360
50;1;129710
51;1;139265
52;1;105544
53;1;140793
54;1;31596
55;32;42013
56;926;296036
57;1;33636
58;1;45249
59;1;3165640
60;1;3164473
61;1;39246
62;507;571400
63;4;70580
64;2;15379
65;2;105691
66;1;139641
67;26;210515
68;1;55873
69;6;210357
70;29;18868
71;1;28333
72;1;115265
73;308;4300558
74;1;35406
75;1;60461
76;15;189484
77;24;89577
78;3;144040
79;1;133744
80;16;236643
81;76;35367
82;1;82322
83;32;69101
84;56;154236
85;1;19347
86;37;34515
87;1;46158
88;20;83310
89;1000;282235
90;1;208301
91;35;53630
92;1;132079
93;22;26263
94;1;33967
95;1;46922
96;1000;334092
97;4;73369
98;1;480304
99;188;158116
100;1;18953
101;1;93901
102;1;753052
103;1;15645
104;1;3306814
105;1;77653
106;9;339380
107;1;24984
108;76;74421
109;143;208901
110;7;128683
111;33;31887
112;688;794739
113;3;4895099
114;233;296602
115;1;71123
116;8;183193
117;7;319937
118;1000;5126222
119;1;78094
120;1;451483
121;2;26172
122;5;125452
123;1;296043
124;93;64285
125;1;68341
126;12;66935
127;4;85296
128;3;135413
129;1000;176536
130;1;308247
131;1;57441
132;3;547461
133;2;248452
134;1;18832
135;1;59210
136;1;2156558
137;120;93730
138;2;80058
139;7;1001436
140;365;198264
141;1;616564
142;23;340699
143;7;432415
144;1;85407
145;122;324410
146;2;53722
147;71;77435
148;1;37835
149;61;62336
150;1;43444
151;1;1212116
152;1000;264788
153;1;1282387
154;9;38109
155;3;188913
156;6;98533
157;1;135049
158;7;39186
159;1;254149
160;1;97482
161;386;171701
162;30;115662
163;1;17528
164;18;39613
165;1000;805009
166;1;130228
167;97;54064
168;1000;278577
169;2;254018
170;83;4257640
171;1000;232537
172;2;1640154
173;234;457321
174;1;923892
175;1000;119996
176;1;64040
177;1;741449
178;1;578552
179;1000;436023
180;1;29543
181;1;68728
182;128;223468
183;1000;669620
184;1;2126170
185;1;240192
186;1;1660660
187;1;182100
188;2;121642
189;3;54122
190;59;628933
191;2;362764
192;1;122026
193;1;41071
194;1000;372621
195;1;1793338
196;80;418959
197;3;2052906
198;8;20336
199;65;401957
200;1000;169402
201;2;374686
202;35;328130
203;8;70348
204;1;33162
205;1;156010
206;3;302113
207;1;180071
208;2;17474
209;568;265734
210;1;859915
211;113;566862
212;1;196760
213;9;72768
214;1;7067531
215;3;160426
216;1;84645
217;1;48379
218;1000;783812
219;3;108679
220;3;731139
221;1;24491
222;1;96868
223;12;157793
224;1;119279
225;3;173230
226;3;456276
227;1;134042
228;1;150085
229;5;23905
230;34;592380
231;2;36023
232;31;426755
233;1;447573
234;1;301579
235;1;617147
236;4;172006
237;1;29824
238;1;140141
239;22;1402562
240;1000;1377542
241;12;604604
242;7;170332
243;5;108287
244;1;84073
245;1;27921
246;3;23682
247;1;26241
248;1;81289
249;4;1135675
250;1;69633
251;2;83963
252;87;139679
253;30;247781
254;2;236283
255;15;187784
256;2;160957
257;1;43048
258;2;64511
259;1;1316689
260;1;83293
261;2;494756
262;1;40126
263;2;20680
264;2;10187
265;284;179090
266;1;25821
267;1;79166
268;3;40340
269;1000;313181
270;1;260813
271;1;704226
272;1000;271605
273;3;36801
274;2;169220
275;64;275636
276;2;14433
277;25;21162
278;5;223718
279;3;193113
280;5;23046825
281;1;105192
282;1;18027
283;12;11250594
284;17;47764
285;1;277664
286;1000;260179
287;4;157265
288;37;320645
289;1;110687
290;3;11734810
291;432;130672
292;1;25072336
293;172;481982
294;8;59368
295;1;34491
296;38;80607
297;3;1275790
298;1;426997
299;1;20204
300;1;239688
301;10;209585
302;2;904150
303;4;240762
304;6;14305
305;52;100650
306;1;14896
307;2;364749
308;4;90878
309;320;181010
310;1;21823
311;1;505524
312;1000;257766
313;1;425080
314;1;52416
315;2;207029
316;24;42879
317;24;30857
318;1;28459
319;1;17665
320;2;20253
321;1;74935
322;1;1612667
323;22;571277
324;67;165674
325;1;587204
326;1;105992
327;4;6293645
328;1;95287
329;1;11140
330;1;135038
331;2;125247
332;21;153335
333;1;5865793
334;18;62911
335;1;42762
336;1000;717927
337;50;817136
338;830;211135
339;6;117507
340;1;101258
341;1;225692
342;24;4139096
343;7;44679
344;1;60213
345;1;54962
346;2;1104486
347;1;128526
348;4;332876
349;1;39302
350;2;97379
351;1;2888765
352;48;87478
353;7;111119
354;9;1818002
355;1000;423796
356;2;2873515
357;23;335580
358;1;37943
359;1;1035414
360;1;314262
361;1;4246967
362;14;76161
363;30;107305
364;21;130568
365;1000;717818
366;1;1409049
367;1;500378
368;704;317956
369;3;108437
370;1;35807
371;2;43655
372;1;1633978
373;8;21659
374;1000;858817
375;1;231461
376;65;54469
377;1;335672
378;1;232198
379;1;142857
380;1000;508277
381;1;11080
382;1;34236
383;1;13172
384;3;35112
385;1;3268770
386;486;1304458
387;1;20387
388;50;147237
389;4;4857155
390;1000;303353
391;6;70942
392;3;49967
393;16;240302
394;883;1059813
395;1;216503
396;1000;491587
397;221;4652474
398;20;60162
399;1;342055
400;1;80617
401;1;77633
402;23;271374
403;1000;194177
404;2;93474
405;2;38373
406;4;116238
407;4;343022
408;59;41003685
409;1;176062
410;6;3493796
411;1;60161
412;1;2960571
413;14;121810
414;2;341643
415;3;225249
416;141;175910
417;1;73390
418;1;30771
419;3;81292
420;151;120432
421;2;174671
422;25;27389
423;1;114971
424;1;254051
425;1;1666439
426;1;463531
427;1;462886
428;1;38509
429;1;994280
430;2;135594
431;117;76237
432;2;11231
433;49;1267389
434;1;49301
435;2;180265
436;1;55655
437;1;15041
438;1;66035
439;3;44806
440;2;126823
441;2;264257
442;10;590218
443;1000;887466
444;1;60069
445;1;19826
446;7;94290
447;3;194393
448;2;402041
449;32;123934
450;2;91219
451;56;736279
452;1000;238607
453;1000;203502
454;1;385386
455;29;398322
456;5;32253
457;1;20222
458;328;117104
459;1;100552
460;83;454688
461;6;55505
462;1;173525
463;1;709904
464;4;68892
465;1;152846
466;2;530442
467;1;46964
468;19;131602
469;1;51266
470;1000;310223
471;1;117650
472;1;31127
473;2;361257
474;1;87941
475;248;149756
476;1;94883
477;349;194920
478;1;217025
479;2;50881
480;14;527455
481;73;576351
482;2;45759
483;2;25530
484;1;21396
485;1;12489
486;1;324323
487;1;247849
488;20;185873
489;48;844093
490;1;306068
491;1;2460432
492;120;76948
493;1;56963
494;1;101469
495;1000;1057829
496;153;281196
497;3;44950621
498;1;63736
499;3;378670
500;1;1031510
501;1;35138
502;150;82498
503;29;123623
504;1;35057
505;1;18502
506;1;13335
507;1;23797
508;11;56184
509;1;16411
510;1000;4404840
511;1;43004
512;4;256471
513;117;322509
514;2;82435
515;1;2997567
516;26;1027971
517;4;3562401
518;13;72323
519;1;20541
520;18;517133
521;4;2054587
522;1000;275830
523;1;168321
524;532;819677
525;1;331704
526;1;573847
527;131;421223
528;1;50243
529;1;691731
530;1;35815
531;6;99368
532;141;58465
533;8;326822
534;250;1451913
535;1000;271715
536;149;241605
537;4;52057
538;4;45392
539;2;22369
540;3;69868
541;1;91121
542;1;37681
543;5;290963
544;1;35737
545;1;13247
546;6;22574
547;1;93758
548;3;60760
549;1000;360629
550;1;499558
551;2;19641
552;1;16131
553;1;36151
554;7;27156
555;1;805456
556;1;77647
557;1;290500
558;309;334984
559;6;79719
560;1;50825
561;3;384206
562;12;788571
563;1000;240736
564;3;75002
565;1;123928
566;2;52157
567;2;29537
568;6;12642
569;326;515626
570;13;6621092
571;1;1495335
572;77;129665
573;3;210518
574;1;60123
575;1;50354
576;1;75828
577;1;61346
578;1;186353
579;697;239489
580;9;337610
581;3;1149583
582;1;11331
583;1;15406
584;1;980493
585;3;31628
586;2;85647
587;3;126353
588;4;120206
589;1;22460
590;1;631213
591;2;83840
592;2;4964517
593;6;115767
594;1;297172
595;1000;312575
596;5;23358
597;1;15824
598;2;24246
599;1;46271
600;1000;590279
601;1000;258233
602;279;98022
603;448;153174
604;263;520816
605;1;48477
606;1;50044
607;1000;503435
608;30;1550634
609;2;1029322
610;1;211102
611;1;70346
612;1;92491
613;2;10066213
614;1;569412
615;193;271878
616;16;1062321
617;3;26588
618;3;158871
619;26;15556865
620;2;24050
621;1;24578
622;18;101389
623;2;220571
624;23;748743
625;3;68326
626;1;35725
627;1;11804
628;5;26856
629;4;87356
630;1000;254590
631;523;573302
632;39;395703
633;52;203641
634;10;108385
635;1;42092
636;1;223801
637;2;61903
638;6;36199
639;2;115478
640;250;234122
641;3;91345
642;3;205411
643;3;56592
644;3;12352
645;1;42423
646;1;20341
647;476;109603
648;2;39568
649;1;117542
650;3;129500
651;1;42573
652;2;87748
653;109;82802
654;8;185758
655;13;123349
656;30;249266
657;3;91459
658;8;166432
659;2;140195
660;2;256484
661;1;55645
662;2;2525239
663;806;2454431
664;3;347368
665;3;218990
666;1;90294
667;1;243305
668;1;660584
669;1000;634970
670;9;2650928
671;5;625776
672;2;67575
673;1;151887
674;2;157181
675;1;1092295
676;2;85352
677;10;119212
678;1;10282
679;37;93437
680;1;29011
681;1;31035
682;1000;146307
683;2;65281
684;108;50199
685;3;93968
686;1;92746
687;2;73829
688;9;106117
689;1;136980
690;2;48506
691;2;62684
692;1;415480
693;1;37005
694;1;56268
695;85;82473
696;240;136679
697;1;57080
698;1;83251
699;4;378828
700;3;17036
701;3;1173476
702;8;650832
703;14;63726
704;12;44021
705;36;348873
706;1;34201
707;1;18646
708;447;115849
709;125;110960
710;61;528163
711;7;251959
712;1;13587882
713;2;93275
714;1000;2332385
715;143;1196357
716;1;106363
717;1;265716
718;1;74950
719;1;620082
720;2;100146
721;3;48946
722;597;2282855
723;1;34320
724;322;380570
725;1;415295
726;2;370798
727;1;655154
728;9;211689
729;177;155365
730;2;85803
731;1000;243279
732;6;143305
733;1;166791
734;1;23709
735;7;127820
736;13;117322
737;3;355547
738;1;5236478
739;1;2434976
740;7;47543
741;47;204080
742;1;144786
743;1;283134
744;1;28901
745;1;10797
746;1;1452033
747;1;15187
748;1;24632
749;3;64458
750;8;420116
751;534;259916
752;1;468166
753;7;1431227
754;6;19382530
755;1000;401015
756;1;136779
757;1;216572
758;1;10727
759;1;122428
760;1;63430
761;24;82430
762;6;557781
763;12;111356
764;4;19884
765;4;25540
766;1;19238
767;5;89859
768;1;33333
769;14;97235
770;9;5617996
771;39;43550
772;889;725353
773;1;164981
774;3;552546
775;587;644526
776;10;44804
777;4;76016
778;3;21048
779;1;81746
780;5;184128
781;19;40105
782;1;689908
783;1;21171
784;2;12299
785;2;75479
786;2;56389
787;2;134267
788;20;56137
789;1;30715
790;1000;907837
791;1;84252
792;3;1420970
793;10;20381
794;9;151816
795;7;89564
796;510;89541
797;2;1167155
798;1;306294
799;1;460758
800;1000;320108
801;1;11349
802;2;26973
803;724;533202
804;113;730852
805;1;12683
806;42;45160
807;7;92775
808;8;131675
809;2;35972
810;21;16275
811;6;19158311
812;2;162320
813;2;438643
814;1;18480
815;5;120248
816;202;438110
817;1;534310
818;1;185358
819;2;91848
820;6;2109593
821;23;16884427
822;3;140276
823;1;45971
824;1;15084
825;4;53840
826;1000;351707
827;81;205938
828;2;147816
829;1;208338
830;264;438637
831;1;214302
832;63;114616
833;1;1038916
834;3;19425
835;4;64104
836;1;57228
837;1;3087775
838;5;9097616
839;126;79543
840;1;21745
841;11;144939
842;19;237269
843;1;1150440
844;37;48724
845;1;269437
846;1;334377
847;3;216112
848;3;31350
849;2;98833
