Index loaded: 39270706628 bytes.
0;176730546;601000062526
1;463380;18317306854
2;22184113;2784559859
3;20096609;270719628422
4;510754;27066471999
5;57;118854835
6;518517;2797132864
7;33898;1071073932
8;10202434;168748088352
9;1112224895;601000087020
10;734022;3795594098
11;3631906;8794138956
12;529446;15814930283
13;57;131991838
14;683127090;601000094783
15;207820801;601000095490
16;10222917;59940621076
17;1575479521;601000083267
18;1075685;3020714018
19;3924215;42970936952
20;0;3002138
21;79738;47480839
22;20238;5563639908
23;10790582;542491757848
24;62481107;31391295319
25;939767054;601000075736
26;1450219;1463245075
27;1768326229;601000056144
28;105901918;74629346869
29;51872623;4446899699
30;29322245;30318466664
31;20596773;18092453290
32;7379103;3481340273
33;1729935;302592533
34;128798;295575907
35;565423;699121576
36;183;3482234486
37;821107;4225036400
38;5052223421;601000099031
39;1078692;707195353
40;2395199;6002694238
41;2395215;3952318069
42;672925;1752554366
43;79597;1758404124
44;8;68784431
45;2147628;5975631467
46;229;131507054
47;0;962433
48;71;105393248
49;1709097;3489298819
50;680330;1526229047
51;5799;22685322
52;739946;1570782016
53;736248;1135232164
54;2728617;4444639031
55;3583;15859213
56;26585;665790093
57;0;85037003
58;83;67760222
59;79;68065526
60;305570252;277760074765
61;66135;220922610
62;95;8017277
63;10934795;835408026
64;1194560;2929267108
65;3409392;5238077877
66;0;12447665
67;0;2637987
68;28;3860927
69;20;9295712
70;739946;1572622090
71;2395247;4177363076
72;5680;148776428
73;1104;65798296
74;2267;15931224
75;167707955;353544338224
76;822121;1353786225
77;124479;153308354
78;288910;598977146
79;254351069;104377157079
80;1407552;3177353685
81;32319;154941934
82;243838;479174930
83;25;2250676
84;200;4126065
85;398;2118075
86;692;5869055
87;1140459;1630359100
88;108042;385914568
89;44711;113222949
90;149144;591391986
91;23;400968
92;32109;408873173
93;26588;354476536
94;3144070;3398876487
95;680330;931770643
96;149658;365685048
97;663028;3470710086
98;20102;89319760
99;55733;17859000
100;320528447;288055661164
101;2109;19539926
102;4294929;1168747750
103;1157;23816454
104;41;1553250
105;655797;1276981495
106;929304;1607862911
107;1052082;1872310326
108;1413109;1934781241
109;0;201791
110;245587;834352450
111;235601;742564722
112;848590377;601000059452
113;5011;38435281
114;50665;325247644
115;1512565;4167405778
116;212298;432464445
117;4657;141003422
118;0;46521
119;0;17117
120;2489818;258078166
121;114518;220032968
122;0;509402602
123;1329846;3788705080
124;565246;510518303
125;606;3677786
126;52463;334630775
127;55485;151035848
128;55196;30985274
129;1408;19289213
130;52998052;10174601237
131;605;3439343
132;0;31558673
133;6219;28385716
134;110138;248645753
135;585;5526498
136;1;3218053
137;1;4375691
138;322;2944468
139;846238;3341356742
140;50;40030622
141;586720;321215733
142;106824254;7219619273
143;84378;297688668
144;62;12586563
145;17935;52224431
146;129479;192689375
147;107804;363187488
148;8557;34415732
149;3339;13536392
150;99;7370296
151;9589898;3041753839
152;2457464;4146229204
153;10522;65855534
154;637640;836847469
155;2742276;3695432707
156;365;735188
157;10510545;2751027509
158;4356;128389351
159;2633;90951658
160;4616;133017077
161;2862;77689309
162;922;52046421
163;234355;271335440
164;762948;490319298
165;722671;888225746
166;63949;101431918
167;332867;483391722
168;141917;183805212
169;5407;6352608
170;2524335;3086287420
171;135714;244876913
172;856814;1352047748
173;9847936;10818010925
174;3555045;4688402176
175;237239;142340520
176;2442620;2976691124
177;12879;117060849
178;3200584;3244921031
179;399879;129750668
180;90897;137101174
181;90897;122687196
182;174663;269822848
183;147007;291519295
184;116959;191732916
185;2672197;2174998070
186;159141;169649348
187;2419655;2163908190
188;307703;366137015
189;0;4285489101
190;118;3737588
191;7068;7474562
192;16359;44505996
193;1059972;1312711276
194;0;13322436
195;126384;163807182
196;159399811;12116805706
197;369381;13639669103
198;414778;367165154
199;2650177;1992408602
200;166950;219905317
201;296;11281626
202;440287;437069495
203;2267;11992950
204;1611544;1935484077
205;3552567;2495646286
206;3880057;3318407079
207;299591563;107116901871
208;35109;70334950
209;39872215;7573915401
210;1802014;1991274735
211;1301;64057878
212;27159;76169748
213;1191;32239916
214;14048307;5965095895
215;0;34821
216;822121;740151078
217;332867;481433191
218;7491937;6311777938
219;4376775;3735645805
220;375892;527940921
221;502203;547994933
222;289032;206881198
223;18;591510706
224;2986807;3181252405
225;368759;739948444
226;13125049;2614639604
227;86;7185127
228;12;437029
229;1132302;1294036126
230;846042;484308742
231;80982;110020876
232;18;1686374
233;16424892;21258353533
234;6309820;5326469169
235;1059972;1315979910
236;9607;92618813
237;186246407;31845237028
238;1848;9777121
239;57;255740
240;438265;278008070
241;12536186;5309480266
242;2893370539;601000063163
243;332867;489036446
244;3285215;4016880995
245;78;10582055
246;48924719;21703115794
247;2156;14471752
248;8551;25268802
249;66621108;71978371491
250;4596072;2723400876
251;184770;132578766
252;3137615;5399498955
253;187144;139792167
254;72633;203617756
255;3891;52580015
256;201;330047
257;18172000;23710621100
258;432;2734196
259;4514666;1122514810
260;228463;254834596
261;171;3757394
262;58690;61945208
263;34344;50140946
264;249427;165309346
265;9803;128174002
266;16481;17306947
267;618358;450791429
268;274375;248916935
269;49621;117948391
270;3139658;662604831
271;0;17451
272;186092;141647417
273;257;6903253
274;1090250;1251709443
275;3234536261;601000043089
276;5;766870925
277;189207;194840379
278;617;693036
279;3717701;2954059016
280;379478;516991375
281;511366;657456698
282;0;348759
283;17943531;8750164140
284;78957;95302212
285;2556723;2606531678
286;340;10039978
287;202;4949535
288;2820013;620733223
289;79377;119807355
290;5099;26813052
291;37794;34009060
292;433412;579849779
293;2788161;2885405477
294;720809;1153771881
295;15063;38894036
296;3130253;5889877501
297;2225;5945037
298;144886;433106286
299;0;32240
300;1508;1852828
301;17769;88365392
302;29;2026995
303;126329;115922622
304;490806;523139679
305;0;202057970
306;2524922;2968038616
307;256356;172335424
308;363588;341542588
309;330;2462613
310;1096;5771255
311;1592691232;108306057198
312;199734;349964051
313;68;1739951
314;38;1183356
315;46266;68745674
316;129547;131338474
317;333069;248580293
318;228945;193702376
319;2141139;2621845324
320;2202938;2118057035
321;1611544;1934740632
322;252096;1009554344
323;703;41210880
324;697;30213038
325;3419076;5546510186
326;2457552;2481136685
327;637888;553542489
328;362;2022944
329;595288;1091101791
330;0;306979
331;11088;34891036
332;5252;1579805
333;336684520;22766956100
334;267;883430259
335;9154313;4629347087
336;53224;142044152
337;750224;740017220
338;4691808;3438935735
339;3924906;2453349862
340;84467;55705895
341;968480;506113735
342;745087617;241182838829
343;4777;6936760
344;1667791;1230535937
345;7482711;6152102940
346;9826268;8411355995
347;3055737;1862236594
348;1221020;940151065
349;333775;448491790
350;74248;119369534
351;209153;20631405
352;66370229;26653156106
353;65742;54924479
354;4581915;2360132081
355;567048;370929676
356;373600;396896749
357;10151;5787291
358;1232253;1242898881
359;0;1207038920
360;3896710;648366992
361;12724749;8002866000
362;609;1135724
363;19035458;12116847935
364;5600;6255062
365;10;273733
366;169512;110949163
367;8;525810
368;51806028;39009630554
369;4694656;3371089302
370;12988;31366626
371;1034781;735023902
372;91551;68077447
373;215533084;120365762755
374;685153431;214588733027
375;10147296;3955681965
376;9334577;3076198681
377;407870835;114236678001
378;19207426;4822046513
379;16834611;4042440988
380;9661345;3387938592
381;9661891;3376440942
382;26973329;6332102100
383;19026878;4442928820
384;36605538;7217954035
385;8472299;2275929178
386;8151664;3018397684
387;446420361;118813935321
388;9846037;3316010891
389;17015427;3688722291
390;10381766;2131718992
391;192439020;40657122818
392;5739037;2934058120
393;166623887;21506501281
394;12799;33750907
395;3925529;3100598207
396;17413;9834508
397;1947088;82165245175
398;18898684;12119224172
399;60;966546
400;6868143;5793101370
401;4114209;2888337599
402;815186;361744497
403;1660;1329631
404;7050143;6740265747
405;7482711;5967148188
406;38099599;7445577728
407;76946;90130069
408;41106;40184691
409;332973;293949625
410;14816616;9849508736
411;12152;10230842
412;8713;16140606
413;6046;16549929
414;1050754;562521127
415;878810;1005641674
416;19;2805607
417;2557738;2053127224
418;1329836826;601000048978
419;3285215;2143716948
420;0;1531118781
421;1594397;2474159389
422;4387507;3034028151
423;359667;173237699
424;1016291;291719605
425;3284;8297877
426;74965074;5993643900
427;410745;389816620
428;725974;409455359
429;185197;166114403
430;387346;266319169
431;166413060;23714913183
432;3705926;2820439517
433;3051649455;601000060312
434;2965479;1963755575
435;19381788;3247461639
436;5185;1664073
437;1096746;842974816
438;1613715;1441890816
439;1506027446;601000058968
440;66659278;12906257136
441;3555064;2556734719
442;49516209;10516497969
443;44986913;8567647265
444;3608502;3019707846
445;5058550;2313885995
446;796994;200054935
447;0;27550087
448;958053106;359379892085
449;166092;108988325
450;166697157;49075010395
451;1057670;881296703
452;344;1596877
453;499351;459699018
454;223798;98002991
455;781;859325
456;38632553;22338616783
457;1637512;1554266068
458;1195488;798467248
459;10197290;7769257753
460;91;1483939
461;657;986812
462;23;179279527
463;203829;221312306
464;8349414906;601000061325
465;9649;11995732
466;4596658;3902175121
467;2110012;1325220462
468;5384;10969903
469;3423273;2013404829
470;2471;3449194
471;7;268631
472;62;7843285
473;49516226;42872125644
474;55;7852966
475;0;1151765
476;0;1340788
477;0;253025
478;0;277331
479;0;217158
480;275992;276212550
481;2833224;1973743406
482;677986;449771982
483;701;575298
484;473357704;122761160786
485;5683;6851006
486;624905;579283404
487;6932857;6378662679
488;3561417;3103941303
489;19852610;3921246727
490;12694607;3421546208
491;1148317;810726927
492;19022029;12133853719
493;6;166351
494;9620;68773477
495;5212;1324368
496;332973;292801688
497;9620;56614720
498;7217008;5746837040
499;2205131;657351064
500;79997;167533572
501;61806;97506801
502;0;74111596
503;140;213324
504;1063629;937396330
505;10325660;2110252477
506;17;482402
507;12679290;5109609116
508;326956;396656752
509;221;740031
510;9182877;682857131
511;163257;105965270
512;25826;45752198
513;234039;171910821
514;3693290;472670457
515;3581;10464426
516;105656;66388889
517;215600;135833170
518;46630;49525624
519;1842;9621145
520;391403083;208605413053
521;27890;69246408
522;23887;105158961
523;20001889;17419968386
524;0;36164
525;3186;10634286
526;19164962;2012957222
527;0;20268
528;2936517;2470852175
529;20112;20084450
530;366685;145551771
531;20;223357
532;6207;12307001
533;677785017;50070789994
534;4179096918;304426534014
535;1258356578;92208046771
536;107882;89713550
537;2428364;1607168630
538;12314348;2358291302
539;103054;83185228
540;2032438;1320128947
541;370;38900620
542;42878;93084151
543;101772257;41992868874
544;35;156223
545;746;955128
546;438840;542405923
547;193;202324
548;1232253;1243373534
549;1313129;1467286600
550;2738525;2496675544
551;315;4416967
552;19088327;12444466694
553;4050562;1927912337
554;2;95796
555;15;152089201
556;62510;171972059
557;108350;86339793
558;2094654;1347782494
559;119019;80156087
560;56081;40259775
561;6641;4189989
562;743163;316858563
563;6668291;520294430
564;1273990;1487053446
565;50;152642
566;490;1678554
567;11264;20356984
568;86;903454
569;13387738;11205742320
570;2109419;1321296148
571;13539;20251852
572;669238;179779978
573;8422709;5537714272
574;2738525;2436144239
575;11810;24432559
576;166638673;43872779795
577;17442368;14579279103
578;625158;152937785
579;1228733;1122652625
580;128912554;9409545516
581;1892391;1435175852
582;30293668;11603094344
583;78008963;20761344483
584;211962;274650806
585;1191;5742368
586;5305483;4333534830
587;345211;211843657
588;18441082;11612476756
589;222258;297213393
590;168900;201136612
591;4654097;1083299318
592;54;50041715
593;44565;41625997
594;0;488372145
595;20800589;3997151068
596;427299;460599914
597;2891704;2066699562
598;14912804;13446782822
599;6932857;6343386752
600;4748;6360269
601;12863771;9790305375
602;62845;69164853
603;38518;27095098
604;3561417;3140225347
605;93;216635
606;2526043;2023311319
607;414635;384983186
608;17607;2490016
609;0;34065
610;24;130346
611;2036057;1697531256
612;426116;237197123
613;7294053;5357401599
614;19069160;8247853821
615;1586;16091297
616;3139680;991929045
617;119;286435557
618;183608;120356630
619;203749;159997706
620;3501401;2543777924
621;91455;69083169
622;7245544;1848488544
623;132838;209233170
624;9380;59252033
625;484413;475695936
626;0;4121329
627;1233;33104526
628;47;615902
629;201859;118463353
630;722373;835287367
631;429941;553745477
632;220692;175631523
633;0;164472123
634;492395;362101487
635;0;29977021
636;0;4846869
637;0;26106
638;3882061;2635630008
639;113161;60089404
640;6202;39265442
641;3723279;2419106026
642;407;1047018
643;23784;36043807
644;293;1379927
645;106049671;84582846323
646;11409;23103718
647;2454492;1560649508
648;99891;67375073
649;3645507;2532744384
650;7187;23392823
651;650934;598779629
652;8324131149;601000058185
653;7876587048;601000085139
654;820801;847760626
655;333140;203293787
656;582565;330949082
657;267;1959743
658;22224;30341576
659;9674931;2032166864
660;118554;15482750
661;5860;15368323
662;2641;11387057
663;607171;183627336
664;6;204947
665;68;6027673
666;170;934758
667;4280;7477254
668;67706;95595836
669;166638673;43909197380
670;60571;20438562
671;626020;896240168
672;45751749;18694893666
673;76232;76940639
674;1259491;403929319
675;595;1173184
676;57370;50933315
677;302;1692293
678;286237;243145583
679;11945;6950098
680;14876012;12343353144
681;1136091;420007297
682;260;1639300
683;34;1368093
684;1076560;887295014
685;47005;67756466
686;268369;197812256
687;0;242259
688;193726;619466255
689;541406;406937569
690;2305954;1864502582
691;4431877;4236835462
692;32870;18415546
693;17470183;15157769863
694;2543529;1137686105
695;2305954;1841641861
696;39523;30563151
697;13361139;5894747529
698;105901917;47012772073
699;958844164;308322346918
700;49516226;21528963188
701;2024347;755076493
702;3295655;1440672654
703;1016291;183684995
704;23;106715
705;5938;2801486
706;414046;185289141
707;56;118735
708;7050143;2995848981
709;166682725;17873253199
710;53883271;23834964661
711;4596658;1683615762
712;10089284;4340773446
713;78222146;16187451836
714;2;110394
715;5267;2434974
716;23387;9740619
717;53883271;23691724285
718;311464;139188063
719;569346;214535118
720;11750;5276036
721;2980035;1294701940
722;1323002;607283270
723;3975887;1747390067
724;2674442;1172592868
725;8;116678
726;84996;38674913
727;696532;328423821
728;7259361;3033993364
729;15;76422
730;1644219;739245849
731;137245;62971981
732;3033;1301855
733;1599231;717196327
734;3659334;1595679746
735;3822987;1503503508
736;39609445;17371819432
737;53883532;23784478465
738;949234;396923580
739;3926322;1346549654
740;2521730;1123338399
741;13161;5928120
742;761610;360258130
743;1671263;763831301
744;796428;377598051
745;771676;250305459
746;480682;221860575
747;110;166594
748;1051344;482738353
749;103432;48789380
750;636892;292597732
751;39264;17802270
752;2097300;929179392
753;1033124;221431957
754;14895138;6384055322
755;554525;257685850
756;1164381;339762318
757;3063058;1294662681
758;1409679;539386877
759;16912;6158494
760;4293;1797657
761;323065;143957151
762;76405;32694201
763;202527;87371743
764;5008960;2169567666
765;1265322;583049828
766;22;102616
767;70352;32162441
768;783309;330312753
769;1375583;632698578
770;433028;205770432
771;2484925;1079307278
772;16588;6233017
773;1029704;484041466
774;306780;138899656
775;4783;719265
776;413;208728
777;102306;30071187
778;53142;22620135
779;1286292;583407487
780;1225909;568436721
781;73132;38126647
782;17457608;7500123325
783;105493;45877813
784;6550;2452768
785;9419;3976869
786;16172;6838942
787;30452;12268559
788;149063;62398980
789;104;148477
790;377209;166315643
791;45953;19660227
792;405;241041
793;1057461;422661543
794;247949;67540207
795;446067;199385938
796;499741;112661963
797;24268;10209901
798;13;93714
799;24;95581
800;11;93541
801;34595;14668909
802;71;119326
803;98563;43145958
804;2520538;1108052479
805;28;103963
806;13030;5944206
807;576315;268489366
808;16;102479
809;16;93157
810;12;91126
811;528465;244661147
812;19961090;8602080687
813;3081;1453550
814;1607;683995
815;680052;303654029
816;141984;63954106
817;2006726;881243674
818;179630;86354080
819;124;164346
820;1655;712784
821;150113;65379183
822;19430075;8383550536
823;970133;454556206
824;4434689;1934775498
825;41031;18605748
826;19069160;8276867241
827;19341438;8363114773
828;172137;76867291
829;61525;26120696
830;1670326;746985463
831;1713264;763614923
832;266176;122787443
833;2526106;1115907129
834;7171;2842280
835;234699;97748380
836;1466;639811
837;411313;187120189
838;70346;26826270
839;11196;4766587
840;30306;12539324
841;62;121945
842;82;131164
843;43652;18806947
844;693;334860
845;77287;33022913
846;15531;6579421
847;2068494;908077968
848;88403;41192993
849;3065;1320560
850;260;152952
851;176;141314
852;15109;6409993
853;626020;289140205
854;574760;267352535
855;69469;31563847
856;582;309029
857;27;108531
858;805784;378325255
859;866243;399762211
860;1491;724462
861;158454;70906964
862;933981;431947722
863;10817;4890797
864;2485;1050079
865;154;141579
866;184377;64894434
867;4669;1950669
868;84900;36368495
869;12586;5328871
870;281719;124813772
871;1243181;562417707
872;3320;828773
873;3991;1744276
874;382;208192
875;24111;10295274
876;10279;4328864
877;94526;42470554
878;45;114142
879;538470;249754781
880;6;101748
881;99151;45258880
882;3903;1675966
883;150737;66660417
884;1493105;675937441
885;133197;60917326
886;13861;6130431
887;11054;4662001
888;33970;14330296
889;10;94997
890;3470;1503617
891;47014;19970049
892;16941;7189816
893;623;292619
894;444;229624
895;11019;3826750
896;981;444550
897;75520;29763226
898;26744;11024108
899;7832;3261056
900;59538;25247378
901;9766;4118009
902;18499841;8011925555
903;396347;183067779
904;525375;238413122
905;518859;246377776
906;1832505;705421821
907;16611881;7103227165
908;742859;346229921
909;742048;284244123
910;558667;256611672
911;561776;260493553
912;1008;481310
913;839242;390021200
914;469088;209428737
915;152169;66310370
916;1136249;279221366
917;620266;181378157
918;993367;271846685
919;997151;268510290
920;509535;236049504
921;100;153448
922;31322;13376186
923;30290;12814700
924;18421701;7971389717
925;1;1856372
926;4654;90923983
927;2;127906
928;113;1627486
929;73;2826707
930;647;2829015
931;302342;277572867
932;188093;157906781
933;71820;101276827
934;459;409438
935;670;3178399
936;0;16222
937;3421;14369787
938;39231;22170984
939;137;219302
940;6115;5731855
941;5386;2735405
942;7;36674
943;20;509389
944;67340;35017781
945;13271;10900558
946;0;29346
947;2;82329
948;224218;103865849
949;31;324181
950;33;2467473
951;3200584;1382721893
952;1964;10271690
953;17285;11989454
954;166950;83653716
955;1274;4401993
956;96310;48422787
957;203;309266
958;666;583229
959;375892;178797530
960;199734;95658892
961;107;205533
962;1789;1040313
963;722671;343217797
964;149714;86889116
965;2120;1315717
966;258;244198
967;11265;6246451
968;51263;25934870
969;239493;112201597
970;304018;183604408
971;0;67119
972;3207;4589219
973;36;158043
974;32;138354
975;52;375642
976;15;304184
977;37;227302
978;35;283403
979;0;43982
980;116;754931
981;3;104350
982;31;85890
983;745440;493510012
984;2082771;895609499
985;403;1787912
986;1301;2344742
987;5672;5786036
988;372;2665515
989;65;564648
990;282;527883
991;4105;2063816
992;11;156112
993;731;1004930
994;77;218713
995;19069110;8127881655
996;23634;18794970
997;59;101518
998;50;267570
999;63;111982
1000;0;58550
1001;0;25648
1002;184339;20135506
1003;4691808;396242716
1004;1399;209726
1005;0;28965
1006;764;155818
1007;144264;15874205
1008;20;104896
1009;183;76277
1010;230708;22624846
1011;54;82045
1012;19069110;1520991524
1013;4097222;318889660
1014;54;64475
1015;0;35588
1016;233;84707
1017;195693;21584809
1018;71;77126
1019;153800;13890925
1020;198;72473
1021;211962;19779703
1022;5674;582028
1023;199974;18130483
1024;156;72733
1025;12562;1189460
1026;206964;18794381
1027;131;72917
1028;258263;24495175
1029;588515;61197127
1030;339;107167
1031;634;121765
1032;38580;4306289
1033;351;90047
1034;13692;1361536
1035;396024;43324632
1036;1382;209134
1037;10331;1032952
1038;157591;14305503
1039;0;24808
1040;262144;24221605
1041;11686;1108858
1042;1;75850
1043;103530;9548792
1044;357;83752
1045;222258;20104799
1046;0;62471
1047;1335;195490
1048;10;56728
1049;14;61126
1050;82319;7481265
1051;3228908;262282737
1052;439921;48990976
1053;865713;89230127
1054;8;65176
1055;0;27842
1056;3842;527171
1057;524968;58487265
1058;71037;7913195
1059;421796;45568135
1060;74;68467
1061;4897;546860
1062;44786;4111897
1063;29171;2712200
1064;239574;22144310
1065;21182;2059375
1066;1;71676
1067;1;62637
1068;2109463;183847344
1069;63;76117
1070;4619;591544
1071;378575;41858216
1072;167373;15354853
1073;27333;2596223
1074;20;54930
1075;751;200540
1076;465556;44080813
1077;43647;4011704
1078;1094276;112977967
1079;37;50423
1080;309;86472
1081;0;38084
1082;1089;206852
1083;9641;1167660
1084;330614;36484731
1085;19260;1848592
1086;1;69356
1087;60;72382
1088;0;36934
1089;0;23145
1090;0;11784
1091;0;13254
1092;1286260;132406930
1093;0;22475
1094;0;17808
1095;0;21413
1096;1;50914
1097;0;16102
1098;0;17818
1099;102;60424
1100;0;32829
1101;150;89170
1102;0;40105
1103;62;59598
1104;67;80998
1105;8;46224
1106;45;50648
1107;56069;6246822
1108;167;78371
1109;922;140791
1110;1599;195827
1111;341;110486
1112;2;52287
1113;295;102603
1114;0;14714
1115;0;15545
1116;0;18573
1117;20;63882
1118;559;114372
1119;1;46339
1120;763057;84367722
1121;1128;183811
1122;2;83467
1123;1;89634
1124;1;85988
1125;285;95154
1126;54622;6093713
1127;21;43937
1128;42;45486
1129;738071;86179168
1130;210282;23162749
1131;131;95724
1132;1;82546
1133;169577;15343745
1134;2465671;210740727
1135;49395;5574100
1136;42276;3892296
1137;29;56494
1138;4;92583
1139;1000;166146
1140;33967;3156304
1141;29;45303
1142;805;137833
1143;249;86872
1144;11;42527
1145;681;142699
1146;108;56563
1147;54;52685
1148;89;72801
1149;733;129506
1150;8148;851652
1151;25269;2410426
1152;7;39425
1153;13846;1325645
1154;318;93053
1155;3;53118
1156;299;82602
1157;1;39028
1158;366;93088
1159;67585;6871609
1160;51987;4758026
1161;35084;3248823
1162;40;49639
1163;1;79137
1164;1;96513
1165;0;28140
1166;204;98566
1167;25239;2348622
1168;1;40379
1169;530395;57869299
1170;473;111255
1171;7;58961
1172;0;55576
1173;1420;215920
1174;95840;10676506
1175;7172;732369
1176;40;43671
1177;15528;1453785
1178;282;77672
1179;52516;4958028
1180;1;74651
1181;5344;559783
1182;14;64429
1183;38;42991
1184;114;57552
1185;1;44225
1186;55;57814
1187;5335;553335
1188;2;54333
1189;23;43411
1190;222;79111
1191;305;78641
1192;1542;203472
1193;37769;3476617
1194;1429;196660
1195;3;76913
1196;6698;678922
1197;0;38896
1198;34;58118
1199;534;114563
1200;56842;5231053
1201;8890;868399
1202;45;41154
1203;9296;892748
1204;1;40234
1205;1;36886
1206;9;50002
1207;20;53029
1208;890;144151
1209;34897;3243533
1210;6002;596288
1211;7;76271
1212;1;74053
1213;338;94345
1214;16;47839
1215;1;82199
1216;1;79897
1217;4123;441068
1218;35;54895
1219;27;43520
1220;42888;3961627
1221;1511;217665
1222;222;71826
1223;210;74040
1224;133534;13448489
1225;3600;407310
1226;18963;1832452
1227;17;35614
1228;277;81099
1229;114;54059
1230;0;30902
1231;0;35411
1232;1491;208688
1233;13;62477
1234;6;60581
1235;5581;590894
1236;38;52248
1237;84342;7673115
1238;1341;214026
1239;78;79075
1240;148678;14139206
1241;50;66215
1242;320;101676
1243;666426;73282240
1244;316590;35943960
1245;0;34856
1246;259;100236
1247;1;84221
1248;1;83492
1249;1051;182538
1250;1;79105
1251;1;70608
1252;3;78548
1253;2;64492
1254;479;109482
1255;1;58756
1256;0;16084
1257;0;49118
1258;0;43914
1259;0;43974
1260;0;13311
1261;0;31553
1262;12912;1227098
1263;1100;157439
1264;150;63764
1265;10183;956154
1266;2721;310751
1267;500;96245
1268;269;92776
1269;1;51764
1270;3649;415913
1271;654;134063
1272;72;54335
1273;860;181776
1274;34;51119
1275;13;44953
1276;3394;394541
1277;1501;203986
1278;24969;2287565
1279;5;39951
1280;185;72176
1281;70;75328
1282;27503;2622559
1283;27;41274
1284;215;84423
1285;76;67277
1286;13472;1280055
1287;299485;27441909
1288;1;68289
1289;1;90916
1290;1;53575
1291;1;36064
1292;68;64784
1293;9;45837
1294;0;11820
